[Server repair] replaced zeroed frame 274297 from local file
[Server repair] replaced zeroed frame 274298 from local file
[Server repair] replaced zeroed frame 274299 from local file
Final metadata saved (both files).
Resetting camera to original settings:
ROI settings:
  Horizontal start:   0
  Horizontal end:     1340
  Vertical start:     0
  Vertical end:       400
  Horizontal binning: 1
  Vertical binning:   1
[RESET] Trigger Determination: Negative Polarity
[RESET] Trigger Response: No Response
[RESET] Shutter Closing Delay: 8.0
[RESET] Shutter Delay Resolution: 1000.0
[RESET] Shutter Timing Mode: Normal
Camera connection closed.
Acquisition complete. Images acquired: 296142, Number of Violations: 472
Violations at: [0, 1, 2, 100, 245, 1940, 1941, 1942, 3883, 3884, 3885, 5826, 5827, 5828, 7769, 7770, 7771, 9712, 9713, 9714, 11655, 11656, 11657, 13598, 13599, 13600, 15541, 15542, 15543, 17484, 17485, 17486, 19427, 19428, 19429, 21370, 21371, 21372, 23313, 23314, 23315, 25256, 25257, 25258, 27199, 27200, 27201, 29142, 29143, 29144, 31085, 31086, 31087, 33028, 33029, 33030, 34971, 34972, 34973, 36914, 36915, 36916, 38857, 38858, 38859, 40800, 40801, 40802, 42743, 42744, 42745, 43207, 44686, 44687, 44688, 46629, 46630, 46631, 48572, 48573, 48574, 50515, 50516, 50517, 52458, 52459, 52460, 54401, 54402, 54403, 56344, 56345, 56346, 58287, 58288, 58289, 60230, 60231, 60232, 62173, 62174, 62175, 64116, 64117, 64118, 66059, 66060, 66061, 68002, 68003, 68004, 69945, 69946, 69947, 71888, 71889, 71890, 73831, 73832, 73833, 75774, 75775, 75776, 77717, 77718, 77719, 79660, 79661, 79662, 81603, 81604, 81605, 83546, 83547, 83548, 85489, 85490, 85491, 87432, 87433, 87434, 89375, 89376, 89377, 91318, 91319, 91320, 93261, 93262, 93263, 95204, 95205, 95206, 97147, 97148, 97149, 99090, 99091, 99092, 101033, 101034, 101035, 102976, 102977, 102978, 104919, 104920, 104921, 106862, 106863, 106864, 108805, 108806, 108807, 110037, 110747, 110748, 110749, 112690, 112691, 112692, 114633, 114634, 114635, 116576, 116577, 116578, 118519, 118520, 118521, 120462, 120463, 120464, 122405, 122406, 122407, 124348, 124349, 124350, 126291, 126292, 126293, 128234, 128235, 128236, 130177, 130178, 130179, 132120, 132121, 132122, 134063, 134064, 134065, 136006, 136007, 136008, 137949, 137950, 137951, 139892, 139893, 139894, 141835, 141836, 141837, 143778, 143779, 143780, 145721, 145722, 145723, 147664, 147665, 147666, 149607, 149608, 149609, 151550, 151551, 151552, 153493, 153494, 153495, 155436, 155437, 155438, 157379, 157380, 157381, 159322, 159323, 159324, 161265, 161266, 161267, 163208, 163209, 163210, 163705, 165151, 165152, 165153, 167094, 167095, 167096, 169037, 169038, 169039, 170980, 170981, 170982, 172923, 172924, 172925, 174866, 174867, 174868, 176809, 176810, 176811, 178752, 178753, 178754, 180695, 180696, 180697, 182638, 182639, 182640, 184581, 184582, 184583, 186524, 186525, 186526, 188467, 188468, 188469, 190410, 190411, 190412, 192353, 192354, 192355, 194296, 194297, 194298, 196239, 196240, 196241, 198182, 198183, 198184, 200125, 200126, 200127, 202068, 202069, 202070, 204011, 204012, 204013, 205954, 205955, 205956, 207897, 207898, 207899, 209840, 209841, 209842, 211783, 211784, 211785, 213726, 213727, 213728, 215669, 215670, 215671, 217612, 217613, 217614, 219555, 219556, 219557, 221498, 221499, 221500, 223441, 223442, 223443, 225384, 225385, 225386, 227327, 227328, 227329, 229270, 229271, 229272, 231213, 231214, 231215, 233156, 233157, 233158, 235099, 235100, 235101, 237042, 237043, 237044, 238985, 238986, 238987, 240928, 240929, 240930, 242871, 242872, 242873, 244814, 244815, 244816, 246757, 246758, 246759, 248100, 248700, 248701, 248702, 250643, 250644, 250645, 252100, 252585, 252586, 252587, 254528, 254529, 254530, 256471, 256472, 256473, 258414, 258415, 258416, 260357, 260358, 260359, 262300, 262301, 262302, 264100, 264243, 264244, 264245, 266186, 266187, 266188, 268100, 268129, 268130, 268131, 270072, 270073, 270074, 270409, 272015, 272016, 272017, 272100, 273958, 273959, 273960, 275901, 275902, 275903, 276100, 277842, 277843, 277844, 279785, 279786, 279787, 281728, 281729, 281730, 283671, 283672, 283673, 285614, 285615, 285616, 287557, 287558, 287559, 289500, 289501, 289502, 290706, 291443, 291444, 291445, 293386, 293387, 293388, 295329, 295330, 295331]